{"contracts/SimpleStorage.sol":{"l":{"22":1,"26":2,"30":0,"31":0},"path":"/Users/ervand_agadzhanyan/Desktop/Summary/Blockchain/Lesson 6: Hardhat Simple Storage/3. Networking/hardhat-simple-storage-fcc/contracts/SimpleStorage.sol","s":{"1":2,"2":0},"b":{},"f":{"1":1,"2":2,"3":0},"fnMap":{"1":{"name":"store","line":21,"loc":{"start":{"line":21,"column":4},"end":{"line":23,"column":4}}},"2":{"name":"retrieve","line":25,"loc":{"start":{"line":25,"column":4},"end":{"line":27,"column":4}}},"3":{"name":"addPerson","line":29,"loc":{"start":{"line":29,"column":4},"end":{"line":32,"column":4}}}},"statementMap":{"1":{"start":{"line":26,"column":8},"end":{"line":26,"column":29}},"2":{"start":{"line":30,"column":8},"end":{"line":30,"column":50}}},"branchMap":{}}}